TN:
SF:/home/rakshit/Bank_Proj/headers/admin.h
FN:171,354,modifyCustEmp
FN:31,169,addEmployee
FN:356,411,manage_user_role
FN:413,454,changePasswordAdmin
FN:456,512,handle_admin
FNDA:3,modifyCustEmp
FNDA:1,addEmployee
FNDA:1,manage_user_role
FNDA:1,changePasswordAdmin
FNDA:8,handle_admin
FNF:5
FNH:5
DA:31,1
DA:32,1
DA:38,1
DA:39,1
DA:41,1
DA:43,1
DA:44,1
DA:45,1
DA:47,1
DA:50,2
DA:51,2
DA:52,2
DA:54,2
DA:58,1
DA:59,1
DA:60,1
DA:61,1
DA:65,1
DA:68,2
DA:70,2
DA:71,2
DA:73,2
DA:77,1
DA:78,1
DA:79,1
DA:80,1
DA:85,1
DA:87,1
DA:88,1
DA:89,1
DA:91,1
DA:92,1
DA:93,1
DA:94,1
DA:97,1
DA:99,1
DA:100,1
DA:102,1
DA:103,1
DA:105,1
DA:106,1
DA:109,1
DA:110,1
DA:111,0
DA:114,0
DA:116,0
DA:117,0
DA:118,0
DA:122,0
DA:124,0
DA:125,0
DA:127,0
DA:130,0
DA:132,0
DA:133,0
DA:134,0
DA:136,0
DA:139,1
DA:142,1
DA:143,16
DA:144,15
DA:148,1
DA:150,1
DA:151,1
DA:153,1
DA:156,1
DA:158,1
DA:159,1
DA:160,1
DA:162,1
DA:165,1
DA:166,1
DA:168,1
DA:171,3
DA:175,3
DA:176,3
DA:178,3
DA:181,3
DA:182,3
DA:183,3
DA:185,3
DA:187,1
DA:189,1
DA:190,1
DA:191,1
DA:194,1
DA:197,1
DA:199,1
DA:200,1
DA:202,1
DA:205,1
DA:206,1
DA:208,1
DA:211,1
DA:212,1
DA:213,1
DA:215,1
DA:218,2
DA:219,2
DA:220,2
DA:222,2
DA:226,1
DA:227,1
DA:228,1
DA:229,1
DA:233,1
DA:236,2
DA:238,2
DA:239,2
DA:241,2
DA:245,1
DA:246,1
DA:247,1
DA:248,1
DA:253,1
DA:255,1
DA:256,1
DA:258,1
DA:260,1
DA:262,1
DA:263,1
DA:266,2
DA:268,2
DA:270,2
DA:271,2
DA:272,2
DA:275,2
DA:278,2
DA:280,2
DA:281,2
DA:283,2
DA:286,2
DA:287,2
DA:289,2
DA:292,2
DA:293,2
DA:294,2
DA:296,2
DA:299,3
DA:300,2
DA:301,2
DA:303,2
DA:307,1
DA:308,1
DA:309,1
DA:310,1
DA:314,1
DA:317,2
DA:319,2
DA:320,2
DA:322,2
DA:326,1
DA:327,1
DA:328,1
DA:329,1
DA:334,1
DA:336,1
DA:337,1
DA:339,1
DA:341,1
DA:343,1
DA:344,1
DA:348,0
DA:351,2
DA:353,2
DA:356,1
DA:361,1
DA:362,1
DA:364,1
DA:365,1
DA:366,1
DA:368,1
DA:369,1
DA:371,1
DA:373,1
DA:375,1
DA:376,1
DA:378,1
DA:380,1
DA:382,1
DA:384,0
DA:386,0
DA:389,1
DA:390,1
DA:392,1
DA:393,1
DA:394,1
DA:396,1
DA:398,1
DA:399,1
DA:401,1
DA:403,1
DA:404,1
DA:405,1
DA:406,1
DA:409,1
DA:413,1
DA:417,1
DA:418,1
DA:420,1
DA:422,1
DA:424,1
DA:428,1
DA:430,1
DA:431,1
DA:433,1
DA:434,1
DA:435,1
DA:437,1
DA:440,1
DA:442,1
DA:443,0
DA:444,0
DA:447,1
DA:448,1
DA:451,1
DA:453,1
DA:456,8
DA:460,8
DA:461,8
DA:463,8
DA:464,5
DA:465,13
DA:466,13
DA:467,0
DA:468,0
DA:471,13
DA:472,13
DA:474,10
DA:477,10
DA:478,10
DA:479,1
DA:480,1
DA:481,1
DA:482,3
DA:483,3
DA:484,2
DA:485,1
DA:486,1
DA:487,1
DA:488,1
DA:489,1
DA:490,1
DA:491,1
DA:492,1
DA:493,1
DA:494,1
DA:495,1
DA:497,2
DA:498,2
DA:499,2
DA:500,2
DA:501,2
DA:503,1
DA:504,1
DA:505,1
LF:256
LH:235
end_of_record
TN:
SF:/home/rakshit/Bank_Proj/headers/commonFunc.h
FN:22,37,apply_file_lock
FN:39,54,release_file_lock
FN:56,80,addTransactionToCustomer
FN:82,100,addTransaction
FNDA:87,apply_file_lock
FNDA:87,release_file_lock
FNDA:5,addTransactionToCustomer
FNDA:5,addTransaction
FNF:4
FNH:4
DA:22,87
DA:24,87
DA:26,87
DA:27,87
DA:28,87
DA:29,87
DA:31,87
DA:32,0
DA:33,0
DA:36,87
DA:39,87
DA:41,87
DA:43,87
DA:44,87
DA:45,87
DA:46,87
DA:48,87
DA:49,0
DA:50,0
DA:53,87
DA:56,5
DA:57,5
DA:58,5
DA:59,5
DA:61,5
DA:63,5
DA:64,5
DA:66,5
DA:68,5
DA:71,5
DA:72,5
DA:74,5
DA:77,5
DA:79,5
DA:82,5
DA:83,5
DA:84,5
DA:85,5
DA:88,5
DA:91,5
DA:92,5
DA:94,5
DA:97,5
DA:99,5
LF:44
LH:40
end_of_record
TN:
SF:/home/rakshit/Bank_Proj/headers/customer.h
FN:114,178,withdrawMoney
FN:180,305,transferMoney
FN:307,378,loanApplication
FN:34,56,viewBalance
FN:380,423,addFeedback
FN:425,500,viewTransaction
FN:502,542,changePasswordCustomer
FN:544,613,handle_customer
FN:58,112,depositMoney
FNDA:3,withdrawMoney
FNDA:4,transferMoney
FNDA:3,loanApplication
FNDA:1,viewBalance
FNDA:3,addFeedback
FNDA:1,viewTransaction
FNDA:1,changePasswordCustomer
FNDA:11,handle_customer
FNDA:1,depositMoney
FNF:9
FNH:9
DA:34,1
DA:38,1
DA:41,1
DA:43,1
DA:44,1
DA:46,1
DA:48,1
DA:49,1
DA:51,1
DA:53,1
DA:55,1
DA:58,1
DA:62,1
DA:64,1
DA:66,1
DA:68,1
DA:70,1
DA:71,1
DA:75,1
DA:76,1
DA:77,1
DA:78,1
DA:81,1
DA:83,1
DA:84,1
DA:86,1
DA:87,1
DA:89,1
DA:90,1
DA:91,1
DA:93,1
DA:94,1
DA:96,1
DA:98,1
DA:101,1
DA:102,1
DA:104,1
DA:105,1
DA:107,1
DA:109,1
DA:111,1
DA:114,3
DA:118,3
DA:122,3
DA:124,3
DA:125,3
DA:127,3
DA:130,3
DA:132,3
DA:133,3
DA:135,3
DA:136,1
DA:138,1
DA:140,1
DA:142,2
DA:143,1
DA:145,1
DA:147,1
DA:151,1
DA:152,1
DA:153,1
DA:154,1
DA:157,1
DA:159,1
DA:160,1
DA:161,1
DA:162,1
DA:164,1
DA:167,1
DA:168,1
DA:170,1
DA:171,1
DA:173,1
DA:175,1
DA:177,1
DA:180,4
DA:184,4
DA:185,4
DA:187,4
DA:191,4
DA:192,4
DA:194,4
DA:195,4
DA:197,4
DA:200,4
DA:202,4
DA:203,4
DA:205,4
DA:206,1
DA:207,1
DA:208,1
DA:210,1
DA:211,1
DA:213,1
DA:216,3
DA:217,1
DA:218,1
DA:219,1
DA:221,1
DA:222,1
DA:224,1
DA:228,2
DA:230,2
DA:232,2
DA:233,2
DA:235,2
DA:238,2
DA:240,2
DA:241,2
DA:242,2
DA:244,2
DA:245,1
DA:247,1
DA:249,1
DA:251,1
DA:252,0
DA:254,0
DA:256,0
DA:260,1
DA:261,1
DA:262,1
DA:263,1
DA:265,1
DA:266,1
DA:267,1
DA:268,1
DA:269,1
DA:271,1
DA:273,1
DA:274,1
DA:275,1
DA:276,1
DA:278,1
DA:281,1
DA:283,1
DA:284,1
DA:285,1
DA:286,1
DA:288,1
DA:291,1
DA:292,1
DA:294,1
DA:295,1
DA:297,1
DA:298,1
DA:300,1
DA:302,1
DA:304,1
DA:307,3
DA:311,3
DA:312,3
DA:314,3
DA:317,3
DA:319,3
DA:320,3
DA:322,3
DA:325,3
DA:326,1
DA:328,1
DA:329,1
DA:331,1
DA:333,1
DA:337,2
DA:339,2
DA:340,2
DA:342,2
DA:343,2
DA:346,2
DA:347,2
DA:348,2
DA:349,2
DA:350,2
DA:353,2
DA:355,2
DA:356,2
DA:358,2
DA:361,2
DA:363,2
DA:364,2
DA:365,2
DA:367,2
DA:370,2
DA:372,2
DA:374,2
DA:375,2
DA:377,2
DA:380,3
DA:384,3
DA:385,3
DA:387,3
DA:389,3
DA:391,3
DA:392,3
DA:395,3
DA:396,3
DA:397,3
DA:398,3
DA:400,3
DA:402,3
DA:403,3
DA:405,3
DA:407,3
DA:408,0
DA:409,0
DA:411,0
DA:413,0
DA:416,3
DA:418,3
DA:420,3
DA:422,3
DA:425,1
DA:429,1
DA:430,1
DA:432,1
DA:434,1
DA:435,1
DA:438,1
DA:440,1
DA:441,1
DA:443,1
DA:445,1
DA:447,11
DA:448,10
DA:450,10
DA:455,9
DA:456,9
DA:461,9
DA:462,2
DA:464,7
DA:466,3
DA:468,4
DA:470,3
DA:472,1
DA:474,1
DA:476,0
DA:478,0
DA:483,9
DA:484,9
DA:486,9
DA:487,9
DA:489,9
DA:492,1
DA:494,1
DA:496,1
DA:497,1
DA:499,1
DA:502,1
DA:506,1
DA:507,1
DA:509,1
DA:511,1
DA:513,1
DA:517,1
DA:519,1
DA:520,1
DA:522,1
DA:523,1
DA:524,1
DA:526,1
DA:528,1
DA:530,1
DA:531,0
DA:532,0
DA:535,1
DA:536,1
DA:539,1
DA:541,1
DA:544,11
DA:548,11
DA:549,11
DA:551,11
DA:552,17
DA:553,28
DA:554,28
DA:555,0
DA:556,0
DA:559,28
DA:560,28
DA:562,27
DA:565,27
DA:566,27
DA:567,1
DA:568,1
DA:569,1
DA:570,1
DA:571,1
DA:572,1
DA:573,3
DA:574,3
DA:575,3
DA:576,4
DA:577,4
DA:578,4
DA:579,3
DA:580,3
DA:581,3
DA:582,3
DA:583,3
DA:584,3
DA:585,1
DA:586,1
DA:587,1
DA:588,1
DA:589,1
DA:590,1
DA:591,3
DA:592,3
DA:593,3
DA:594,3
DA:595,3
DA:597,6
DA:598,6
DA:599,6
DA:600,6
DA:601,6
DA:603,1
DA:604,1
DA:605,1
LF:318
LH:305
end_of_record
TN:
SF:/home/rakshit/Bank_Proj/headers/employee.h
FN:174,258,modifyCustomer
FN:260,354,processLoanApplication
FN:33,172,addCustomer
FN:356,387,viewAssignedLoans
FN:389,430,changePasswordEmployee
FN:432,491,handle_employee
FNDA:2,modifyCustomer
FNDA:2,processLoanApplication
FNDA:1,addCustomer
FNDA:1,viewAssignedLoans
FNDA:2,changePasswordEmployee
FNDA:10,handle_employee
FNF:6
FNH:6
DA:33,1
DA:38,1
DA:39,1
DA:41,1
DA:43,1
DA:44,1
DA:45,1
DA:47,1
DA:50,2
DA:51,2
DA:52,2
DA:54,2
DA:58,1
DA:59,1
DA:60,1
DA:61,1
DA:65,1
DA:68,2
DA:70,2
DA:71,2
DA:73,2
DA:77,1
DA:78,1
DA:79,1
DA:80,1
DA:84,1
DA:86,1
DA:87,1
DA:88,1
DA:90,1
DA:92,1
DA:93,1
DA:94,1
DA:96,1
DA:97,1
DA:99,1
DA:100,1
DA:101,1
DA:103,1
DA:104,1
DA:106,1
DA:107,0
DA:109,0
DA:111,0
DA:112,0
DA:113,0
DA:114,0
DA:115,0
DA:116,0
DA:118,0
DA:120,0
DA:121,0
DA:123,0
DA:124,0
DA:126,0
DA:128,0
DA:130,0
DA:131,0
DA:132,0
DA:134,0
DA:137,1
DA:139,1
DA:141,1
DA:142,1
DA:143,1
DA:144,1
DA:145,16
DA:146,15
DA:148,1
DA:150,1
DA:151,1
DA:154,1
DA:155,1
DA:157,1
DA:159,1
DA:161,1
DA:162,1
DA:163,1
DA:165,1
DA:168,1
DA:169,1
DA:171,1
DA:174,2
DA:179,2
DA:180,2
DA:182,2
DA:184,2
DA:185,2
DA:186,2
DA:189,2
DA:192,2
DA:194,2
DA:195,2
DA:197,2
DA:200,2
DA:201,2
DA:203,2
DA:206,2
DA:207,2
DA:208,2
DA:210,2
DA:213,3
DA:214,3
DA:215,3
DA:217,3
DA:221,1
DA:222,1
DA:223,1
DA:224,1
DA:228,2
DA:231,4
DA:233,3
DA:234,3
DA:236,3
DA:240,2
DA:241,2
DA:242,2
DA:243,2
DA:248,1
DA:250,1
DA:251,1
DA:253,1
DA:255,1
DA:257,1
DA:260,2
DA:265,2
DA:266,2
DA:268,2
DA:270,2
DA:272,2
DA:273,2
DA:275,2
DA:277,2
DA:278,2
DA:280,2
DA:281,2
DA:283,2
DA:284,2
DA:286,2
DA:287,2
DA:288,2
DA:291,2
DA:292,2
DA:295,2
DA:297,2
DA:298,2
DA:300,2
DA:302,2
DA:303,2
DA:305,2
DA:308,2
DA:310,2
DA:311,2
DA:313,2
DA:314,2
DA:315,1
DA:318,1
DA:319,1
DA:320,1
DA:321,1
DA:322,1
DA:324,1
DA:325,1
DA:328,2
DA:329,2
DA:331,2
DA:333,2
DA:334,2
DA:335,2
DA:336,2
DA:338,2
DA:340,2
DA:341,2
DA:343,2
DA:345,2
DA:349,2
DA:350,2
DA:351,2
DA:353,2
DA:356,1
DA:361,1
DA:362,1
DA:363,1
DA:365,1
DA:367,1
DA:369,1
DA:370,1
DA:372,1
DA:374,1
DA:375,1
DA:376,15
DA:377,14
DA:378,14
DA:379,14
DA:382,1
DA:384,1
DA:386,1
DA:389,2
DA:393,2
DA:394,2
DA:396,2
DA:398,2
DA:400,2
DA:404,1
DA:406,1
DA:407,1
DA:409,1
DA:410,1
DA:411,1
DA:413,1
DA:416,1
DA:418,1
DA:419,0
DA:420,0
DA:423,1
DA:424,1
DA:427,1
DA:429,1
DA:432,10
DA:436,10
DA:437,10
DA:439,10
DA:440,6
DA:441,16
DA:442,16
DA:443,0
DA:444,0
DA:447,16
DA:448,16
DA:450,16
DA:452,16
DA:453,16
DA:454,1
DA:455,1
DA:456,1
DA:457,2
DA:458,2
DA:459,1
DA:460,2
DA:461,2
DA:462,2
DA:463,1
DA:464,1
DA:465,1
DA:466,2
DA:467,2
DA:468,1
DA:469,1
DA:470,1
DA:471,1
DA:472,1
DA:473,1
DA:475,1
DA:476,1
DA:477,1
DA:478,1
DA:479,1
DA:481,6
DA:482,6
DA:483,6
LF:260
LH:237
end_of_record
TN:
SF:/home/rakshit/Bank_Proj/headers/manager.h
FN:118,219,assignLoanApplication
FN:221,278,reviewFeedback
FN:280,321,changePasswordManager
FN:29,116,actDeactCustomerAccount
FN:323,380,handle_manager
FNDA:3,assignLoanApplication
FNDA:2,reviewFeedback
FNDA:1,changePasswordManager
FNDA:4,actDeactCustomerAccount
FNDA:12,handle_manager
FNF:5
FNH:5
DA:29,4
DA:33,4
DA:34,4
DA:36,4
DA:37,4
DA:39,4
DA:40,4
DA:43,4
DA:45,4
DA:47,4
DA:48,4
DA:50,4
DA:52,4
DA:53,2
DA:54,2
DA:55,2
DA:56,2
DA:57,2
DA:59,2
DA:60,2
DA:62,2
DA:63,2
DA:65,2
DA:67,2
DA:68,2
DA:70,2
DA:72,2
DA:73,2
DA:74,2
DA:75,2
DA:76,2
DA:82,2
DA:83,2
DA:84,2
DA:85,2
DA:86,2
DA:88,2
DA:89,2
DA:91,2
DA:92,1
DA:94,1
DA:96,1
DA:97,1
DA:99,1
DA:101,1
DA:102,1
DA:103,1
DA:104,1
DA:105,1
DA:111,4
DA:113,4
DA:115,4
DA:118,3
DA:122,3
DA:123,3
DA:125,3
DA:126,3
DA:128,3
DA:131,3
DA:132,9
DA:133,3
DA:134,3
DA:135,3
DA:137,3
DA:141,3
DA:143,3
DA:144,3
DA:145,3
DA:147,3
DA:148,3
DA:150,3
DA:151,3
DA:154,3
DA:155,1
DA:156,4
DA:157,4
DA:159,4
DA:160,4
DA:161,4
DA:164,4
DA:167,4
DA:168,4
DA:170,4
DA:172,4
DA:173,1
DA:174,1
DA:176,1
DA:179,3
DA:180,6
DA:181,6
DA:182,3
DA:183,3
DA:186,3
DA:189,3
DA:190,3
DA:192,3
DA:195,3
DA:197,3
DA:198,3
DA:199,3
DA:201,3
DA:204,3
DA:205,3
DA:209,3
DA:211,0
DA:212,0
DA:215,3
DA:216,3
DA:218,3
DA:221,2
DA:225,2
DA:226,2
DA:228,2
DA:229,2
DA:231,2
DA:234,2
DA:235,6
DA:236,2
DA:237,2
DA:238,2
DA:242,2
DA:244,2
DA:245,2
DA:246,2
DA:248,2
DA:249,2
DA:251,2
DA:252,2
DA:254,2
DA:255,2
DA:256,2
DA:258,2
DA:259,1
DA:261,1
DA:262,1
DA:264,1
DA:266,1
DA:267,1
DA:269,1
DA:271,1
DA:274,2
DA:276,2
DA:280,1
DA:284,1
DA:285,1
DA:287,1
DA:289,1
DA:291,1
DA:295,1
DA:297,1
DA:298,1
DA:300,1
DA:301,1
DA:302,1
DA:304,1
DA:307,1
DA:309,1
DA:310,0
DA:311,0
DA:314,1
DA:315,1
DA:318,1
DA:320,1
DA:323,12
DA:327,12
DA:328,12
DA:330,12
DA:331,10
DA:332,22
DA:333,22
DA:334,0
DA:335,0
DA:338,22
DA:339,22
DA:341,18
DA:344,18
DA:345,18
DA:346,4
DA:347,4
DA:348,4
DA:349,3
DA:350,3
DA:351,3
DA:352,2
DA:353,2
DA:354,2
DA:355,1
DA:356,1
DA:357,1
DA:358,1
DA:359,1
DA:360,1
DA:361,1
DA:362,1
DA:364,1
DA:365,1
DA:366,1
DA:367,1
DA:368,1
DA:370,6
DA:371,6
DA:372,6
LF:202
LH:196
end_of_record
TN:
SF:/home/rakshit/Bank_Proj/master_harness.c
FN:15,33,mock_recv
FN:176,201,main
FN:35,38,mock_send
FN:56,173,setup_dummy_db
FNDA:201,mock_recv
FNDA:41,main
FNDA:229,mock_send
FNDA:41,setup_dummy_db
FNF:4
FNH:4
DA:15,201
DA:16,201
DA:17,201
DA:21,526
DA:22,526
DA:23,526
DA:25,515
DA:26,515
DA:29,201
DA:31,201
DA:32,190
DA:35,229
DA:37,229
DA:56,41
DA:58,41
DA:61,41
DA:63,41
DA:66,41
DA:69,41
DA:72,41
DA:75,41
DA:78,41
DA:81,246
DA:82,205
DA:84,41
DA:88,41
DA:90,41
DA:93,41
DA:94,41
DA:95,41
DA:96,41
DA:97,41
DA:98,41
DA:101,41
DA:102,41
DA:103,41
DA:104,41
DA:105,41
DA:106,41
DA:107,246
DA:111,41
DA:112,41
DA:113,41
DA:115,41
DA:116,41
DA:117,41
DA:121,41
DA:125,41
DA:126,41
DA:127,41
DA:128,656
DA:129,41
DA:130,41
DA:134,41
DA:135,41
DA:136,41
DA:137,656
DA:138,41
DA:140,41
DA:141,41
DA:142,41
DA:145,41
DA:146,41
DA:147,41
DA:148,41
DA:151,41
DA:153,41
DA:154,41
DA:155,41
DA:156,41
DA:157,41
DA:158,41
DA:159,41
DA:160,41
DA:163,41
DA:165,41
DA:166,41
DA:167,41
DA:168,41
DA:169,41
DA:170,41
DA:171,41
DA:173,41
DA:176,41
DA:177,41
DA:181,41
DA:185,41
DA:188,41
DA:189,41
DA:190,41
DA:191,41
DA:194,41
DA:195,11
DA:196,8
DA:197,10
DA:198,12
DA:200,30
LF:97
LH:97
end_of_record
